{"total": {"lines":{"total":116,"covered":85,"skipped":0,"pct":73.27},"statements":{"total":124,"covered":90,"skipped":0,"pct":72.58},"functions":{"total":28,"covered":25,"skipped":0,"pct":89.28},"branches":{"total":40,"covered":13,"skipped":0,"pct":32.5},"branchesTrue":{"total":0,"covered":0,"skipped":0,"pct":"Unknown"}}
,"/mnt/workspace/workspace/decaf/decaf-ts/for-pouch/src/adapter.ts": {"lines":{"total":113,"covered":82,"skipped":0,"pct":72.56},"functions":{"total":28,"covered":25,"skipped":0,"pct":89.28},"statements":{"total":121,"covered":87,"skipped":0,"pct":71.9},"branches":{"total":40,"covered":13,"skipped":0,"pct":32.5}}
,"/mnt/workspace/workspace/decaf/decaf-ts/for-pouch/src/index.ts": {"lines":{"total":3,"covered":3,"skipped":0,"pct":100},"functions":{"total":0,"covered":0,"skipped":0,"pct":100},"statements":{"total":3,"covered":3,"skipped":0,"pct":100},"branches":{"total":0,"covered":0,"skipped":0,"pct":100}}
}
