{"/mnt/workspace/workspace/decaf/decaf-ts/for-pouch/src/PouchRepository.ts": {"path":"/mnt/workspace/workspace/decaf/decaf-ts/for-pouch/src/PouchRepository.ts","statementMap":{"0":{"start":{"line":2,"column":0},"end":{"line":2,"column":62}}},"fnMap":{},"branchMap":{},"s":{"0":6},"f":{},"b":{},"_coverageSchema":"1a1c01bbd47fc00a2c39e90264f33305004495a9","hash":"2b60672ac6e1216c3c736941e86eb01c7a7ae0d3"}
,"/mnt/workspace/workspace/decaf/decaf-ts/for-pouch/src/adapter.ts": {"path":"/mnt/workspace/workspace/decaf/decaf-ts/for-pouch/src/adapter.ts","statementMap":{"0":{"start":{"line":2,"column":0},"end":{"line":2,"column":62}},"1":{"start":{"line":3,"column":0},"end":{"line":3,"column":30}},"2":{"start":{"line":4,"column":0},"end":{"line":4,"column":28}},"3":{"start":{"line":5,"column":22},"end":{"line":5,"column":54}},"4":{"start":{"line":6,"column":24},"end":{"line":6,"column":58}},"5":{"start":{"line":7,"column":15},"end":{"line":7,"column":40}},"6":{"start":{"line":10,"column":8},"end":{"line":10,"column":30}},"7":{"start":{"line":13,"column":20},"end":{"line":13,"column":36}},"8":{"start":{"line":14,"column":8},"end":{"line":22,"column":9}},"9":{"start":{"line":15,"column":27},"end":{"line":15,"column":51}},"10":{"start":{"line":16,"column":22},"end":{"line":16,"column":38}},"11":{"start":{"line":17,"column":12},"end":{"line":21,"column":13}},"12":{"start":{"line":18,"column":16},"end":{"line":20,"column":19}},"13":{"start":{"line":23,"column":8},"end":{"line":23,"column":67}},"14":{"start":{"line":26,"column":24},"end":{"line":26,"column":66}},"15":{"start":{"line":27,"column":8},"end":{"line":32,"column":9}},"16":{"start":{"line":28,"column":24},"end":{"line":28,"column":60}},"17":{"start":{"line":29,"column":31},"end":{"line":29,"column":34}},"18":{"start":{"line":30,"column":12},"end":{"line":31,"column":94}},"19":{"start":{"line":31,"column":16},"end":{"line":31,"column":94}},"20":{"start":{"line":36,"column":8},"end":{"line":41,"column":9}},"21":{"start":{"line":37,"column":12},"end":{"line":37,"column":52}},"22":{"start":{"line":40,"column":12},"end":{"line":40,"column":45}},"23":{"start":{"line":42,"column":8},"end":{"line":43,"column":108}},"24":{"start":{"line":43,"column":12},"end":{"line":43,"column":108}},"25":{"start":{"line":44,"column":8},"end":{"line":44,"column":56}},"26":{"start":{"line":48,"column":8},"end":{"line":53,"column":9}},"27":{"start":{"line":49,"column":12},"end":{"line":49,"column":58}},"28":{"start":{"line":52,"column":12},"end":{"line":52,"column":45}},"29":{"start":{"line":54,"column":8},"end":{"line":61,"column":9}},"30":{"start":{"line":54,"column":35},"end":{"line":54,"column":39}},"31":{"start":{"line":55,"column":27},"end":{"line":59,"column":18}},"32":{"start":{"line":56,"column":16},"end":{"line":57,"column":92}},"33":{"start":{"line":57,"column":20},"end":{"line":57,"column":92}},"34":{"start":{"line":58,"column":16},"end":{"line":58,"column":29}},"35":{"start":{"line":60,"column":12},"end":{"line":60,"column":71}},"36":{"start":{"line":62,"column":8},"end":{"line":62,"column":79}},"37":{"start":{"line":62,"column":71},"end":{"line":62,"column":76}},"38":{"start":{"line":65,"column":20},"end":{"line":65,"column":50}},"39":{"start":{"line":67,"column":8},"end":{"line":72,"column":9}},"40":{"start":{"line":68,"column":12},"end":{"line":68,"column":48}},"41":{"start":{"line":71,"column":12},"end":{"line":71,"column":45}},"42":{"start":{"line":73,"column":8},"end":{"line":73,"column":56}},"43":{"start":{"line":76,"column":24},"end":{"line":78,"column":10}},"44":{"start":{"line":77,"column":35},"end":{"line":77,"column":73}},"45":{"start":{"line":79,"column":20},"end":{"line":88,"column":14}},"46":{"start":{"line":80,"column":12},"end":{"line":86,"column":15}},"47":{"start":{"line":81,"column":16},"end":{"line":83,"column":85}},"48":{"start":{"line":82,"column":20},"end":{"line":83,"column":85}},"49":{"start":{"line":84,"column":31},"end":{"line":84,"column":54}},"50":{"start":{"line":85,"column":16},"end":{"line":85,"column":93}},"51":{"start":{"line":87,"column":12},"end":{"line":87,"column":25}},"52":{"start":{"line":89,"column":8},"end":{"line":89,"column":19}},"53":{"start":{"line":93,"column":8},"end":{"line":98,"column":9}},"54":{"start":{"line":94,"column":12},"end":{"line":94,"column":52}},"55":{"start":{"line":97,"column":12},"end":{"line":97,"column":45}},"56":{"start":{"line":99,"column":8},"end":{"line":100,"column":108}},"57":{"start":{"line":100,"column":12},"end":{"line":100,"column":108}},"58":{"start":{"line":101,"column":8},"end":{"line":101,"column":56}},"59":{"start":{"line":105,"column":8},"end":{"line":110,"column":9}},"60":{"start":{"line":106,"column":12},"end":{"line":106,"column":58}},"61":{"start":{"line":109,"column":12},"end":{"line":109,"column":45}},"62":{"start":{"line":111,"column":8},"end":{"line":118,"column":9}},"63":{"start":{"line":111,"column":35},"end":{"line":111,"column":43}},"64":{"start":{"line":112,"column":27},"end":{"line":116,"column":18}},"65":{"start":{"line":113,"column":16},"end":{"line":114,"column":92}},"66":{"start":{"line":114,"column":20},"end":{"line":114,"column":92}},"67":{"start":{"line":115,"column":16},"end":{"line":115,"column":29}},"68":{"start":{"line":117,"column":12},"end":{"line":117,"column":71}},"69":{"start":{"line":119,"column":8},"end":{"line":119,"column":79}},"70":{"start":{"line":119,"column":71},"end":{"line":119,"column":76}},"71":{"start":{"line":122,"column":20},"end":{"line":122,"column":50}},"72":{"start":{"line":124,"column":8},"end":{"line":130,"column":9}},"73":{"start":{"line":125,"column":12},"end":{"line":125,"column":48}},"74":{"start":{"line":126,"column":12},"end":{"line":126,"column":55}},"75":{"start":{"line":129,"column":12},"end":{"line":129,"column":45}},"76":{"start":{"line":131,"column":8},"end":{"line":131,"column":56}},"77":{"start":{"line":134,"column":24},"end":{"line":136,"column":10}},"78":{"start":{"line":135,"column":35},"end":{"line":135,"column":73}},"79":{"start":{"line":137,"column":25},"end":{"line":140,"column":11}},"80":{"start":{"line":138,"column":12},"end":{"line":138,"column":56}},"81":{"start":{"line":139,"column":12},"end":{"line":139,"column":21}},"82":{"start":{"line":141,"column":21},"end":{"line":141,"column":52}},"83":{"start":{"line":141,"column":44},"end":{"line":141,"column":51}},"84":{"start":{"line":142,"column":8},"end":{"line":143,"column":69}},"85":{"start":{"line":143,"column":12},"end":{"line":143,"column":69}},"86":{"start":{"line":144,"column":8},"end":{"line":150,"column":15}},"87":{"start":{"line":145,"column":12},"end":{"line":148,"column":15}},"88":{"start":{"line":146,"column":31},"end":{"line":146,"column":54}},"89":{"start":{"line":147,"column":16},"end":{"line":147,"column":93}},"90":{"start":{"line":149,"column":12},"end":{"line":149,"column":25}},"91":{"start":{"line":153,"column":8},"end":{"line":163,"column":9}},"92":{"start":{"line":154,"column":29},"end":{"line":154,"column":61}},"93":{"start":{"line":155,"column":12},"end":{"line":156,"column":47}},"94":{"start":{"line":156,"column":16},"end":{"line":156,"column":47}},"95":{"start":{"line":157,"column":12},"end":{"line":158,"column":37}},"96":{"start":{"line":158,"column":16},"end":{"line":158,"column":37}},"97":{"start":{"line":159,"column":12},"end":{"line":159,"column":28}},"98":{"start":{"line":162,"column":12},"end":{"line":162,"column":45}},"99":{"start":{"line":166,"column":8},"end":{"line":166,"column":52}},"100":{"start":{"line":170,"column":8},"end":{"line":171,"column":23}},"101":{"start":{"line":171,"column":12},"end":{"line":171,"column":23}},"102":{"start":{"line":172,"column":19},"end":{"line":172,"column":21}},"103":{"start":{"line":173,"column":8},"end":{"line":186,"column":9}},"104":{"start":{"line":174,"column":12},"end":{"line":174,"column":23}},"105":{"start":{"line":175,"column":12},"end":{"line":176,"column":63}},"106":{"start":{"line":176,"column":16},"end":{"line":176,"column":63}},"107":{"start":{"line":177,"column":12},"end":{"line":178,"column":63}},"108":{"start":{"line":178,"column":16},"end":{"line":178,"column":63}},"109":{"start":{"line":180,"column":13},"end":{"line":186,"column":9}},"110":{"start":{"line":181,"column":12},"end":{"line":181,"column":30}},"111":{"start":{"line":182,"column":12},"end":{"line":182,"column":43}},"112":{"start":{"line":185,"column":12},"end":{"line":185,"column":31}},"113":{"start":{"line":187,"column":8},"end":{"line":202,"column":9}},"114":{"start":{"line":191,"column":16},"end":{"line":191,"column":65}},"115":{"start":{"line":193,"column":16},"end":{"line":193,"column":65}},"116":{"start":{"line":195,"column":16},"end":{"line":196,"column":61}},"117":{"start":{"line":196,"column":20},"end":{"line":196,"column":61}},"118":{"start":{"line":197,"column":16},"end":{"line":197,"column":62}},"119":{"start":{"line":199,"column":16},"end":{"line":200,"column":59}},"120":{"start":{"line":200,"column":20},"end":{"line":200,"column":59}},"121":{"start":{"line":201,"column":16},"end":{"line":201,"column":62}},"122":{"start":{"line":205,"column":0},"end":{"line":205,"column":36}}},"fnMap":{"0":{"name":"(anonymous_0)","decl":{"start":{"line":9,"column":4},"end":{"line":9,"column":5}},"loc":{"start":{"line":9,"column":42},"end":{"line":11,"column":5}},"line":9},"1":{"name":"(anonymous_1)","decl":{"start":{"line":12,"column":4},"end":{"line":12,"column":5}},"loc":{"start":{"line":12,"column":17},"end":{"line":24,"column":5}},"line":12},"2":{"name":"(anonymous_2)","decl":{"start":{"line":25,"column":4},"end":{"line":25,"column":5}},"loc":{"start":{"line":25,"column":27},"end":{"line":33,"column":5}},"line":25},"3":{"name":"(anonymous_3)","decl":{"start":{"line":34,"column":4},"end":{"line":34,"column":5}},"loc":{"start":{"line":34,"column":39},"end":{"line":45,"column":5}},"line":34},"4":{"name":"(anonymous_4)","decl":{"start":{"line":46,"column":4},"end":{"line":46,"column":5}},"loc":{"start":{"line":46,"column":44},"end":{"line":63,"column":5}},"line":46},"5":{"name":"(anonymous_5)","decl":{"start":{"line":54,"column":28},"end":{"line":54,"column":29}},"loc":{"start":{"line":54,"column":35},"end":{"line":54,"column":39}},"line":54},"6":{"name":"(anonymous_6)","decl":{"start":{"line":55,"column":43},"end":{"line":55,"column":44}},"loc":{"start":{"line":55,"column":61},"end":{"line":59,"column":13}},"line":55},"7":{"name":"(anonymous_7)","decl":{"start":{"line":62,"column":64},"end":{"line":62,"column":65}},"loc":{"start":{"line":62,"column":71},"end":{"line":62,"column":76}},"line":62},"8":{"name":"(anonymous_8)","decl":{"start":{"line":64,"column":4},"end":{"line":64,"column":5}},"loc":{"start":{"line":64,"column":30},"end":{"line":74,"column":5}},"line":64},"9":{"name":"(anonymous_9)","decl":{"start":{"line":75,"column":4},"end":{"line":75,"column":5}},"loc":{"start":{"line":75,"column":34},"end":{"line":90,"column":5}},"line":75},"10":{"name":"(anonymous_10)","decl":{"start":{"line":77,"column":26},"end":{"line":77,"column":27}},"loc":{"start":{"line":77,"column":35},"end":{"line":77,"column":73}},"line":77},"11":{"name":"(anonymous_11)","decl":{"start":{"line":79,"column":43},"end":{"line":79,"column":44}},"loc":{"start":{"line":79,"column":57},"end":{"line":88,"column":9}},"line":79},"12":{"name":"(anonymous_12)","decl":{"start":{"line":80,"column":27},"end":{"line":80,"column":28}},"loc":{"start":{"line":80,"column":34},"end":{"line":86,"column":13}},"line":80},"13":{"name":"(anonymous_13)","decl":{"start":{"line":91,"column":4},"end":{"line":91,"column":5}},"loc":{"start":{"line":91,"column":39},"end":{"line":102,"column":5}},"line":91},"14":{"name":"(anonymous_14)","decl":{"start":{"line":103,"column":4},"end":{"line":103,"column":5}},"loc":{"start":{"line":103,"column":44},"end":{"line":120,"column":5}},"line":103},"15":{"name":"(anonymous_15)","decl":{"start":{"line":111,"column":28},"end":{"line":111,"column":29}},"loc":{"start":{"line":111,"column":35},"end":{"line":111,"column":43}},"line":111},"16":{"name":"(anonymous_16)","decl":{"start":{"line":112,"column":43},"end":{"line":112,"column":44}},"loc":{"start":{"line":112,"column":61},"end":{"line":116,"column":13}},"line":112},"17":{"name":"(anonymous_17)","decl":{"start":{"line":119,"column":64},"end":{"line":119,"column":65}},"loc":{"start":{"line":119,"column":71},"end":{"line":119,"column":76}},"line":119},"18":{"name":"(anonymous_18)","decl":{"start":{"line":121,"column":4},"end":{"line":121,"column":5}},"loc":{"start":{"line":121,"column":32},"end":{"line":132,"column":5}},"line":121},"19":{"name":"(anonymous_19)","decl":{"start":{"line":133,"column":4},"end":{"line":133,"column":5}},"loc":{"start":{"line":133,"column":36},"end":{"line":151,"column":5}},"line":133},"20":{"name":"(anonymous_20)","decl":{"start":{"line":135,"column":26},"end":{"line":135,"column":27}},"loc":{"start":{"line":135,"column":35},"end":{"line":135,"column":73}},"line":135},"21":{"name":"(anonymous_21)","decl":{"start":{"line":137,"column":72},"end":{"line":137,"column":73}},"loc":{"start":{"line":137,"column":79},"end":{"line":140,"column":9}},"line":137},"22":{"name":"(anonymous_22)","decl":{"start":{"line":141,"column":37},"end":{"line":141,"column":38}},"loc":{"start":{"line":141,"column":44},"end":{"line":141,"column":51}},"line":141},"23":{"name":"(anonymous_23)","decl":{"start":{"line":144,"column":38},"end":{"line":144,"column":39}},"loc":{"start":{"line":144,"column":52},"end":{"line":150,"column":9}},"line":144},"24":{"name":"(anonymous_24)","decl":{"start":{"line":145,"column":27},"end":{"line":145,"column":28}},"loc":{"start":{"line":145,"column":34},"end":{"line":148,"column":13}},"line":145},"25":{"name":"(anonymous_25)","decl":{"start":{"line":152,"column":4},"end":{"line":152,"column":5}},"loc":{"start":{"line":152,"column":40},"end":{"line":164,"column":5}},"line":152},"26":{"name":"(anonymous_26)","decl":{"start":{"line":165,"column":4},"end":{"line":165,"column":5}},"loc":{"start":{"line":165,"column":28},"end":{"line":167,"column":5}},"line":165},"27":{"name":"(anonymous_27)","decl":{"start":{"line":168,"column":4},"end":{"line":168,"column":5}},"loc":{"start":{"line":168,"column":35},"end":{"line":203,"column":5}},"line":168}},"branchMap":{"0":{"loc":{"start":{"line":9,"column":23},"end":{"line":9,"column":40}},"type":"default-arg","locations":[{"start":{"line":9,"column":33},"end":{"line":9,"column":40}}],"line":9},"1":{"loc":{"start":{"line":14,"column":8},"end":{"line":22,"column":9}},"type":"if","locations":[{"start":{"line":14,"column":8},"end":{"line":22,"column":9}},{"start":{},"end":{}}],"line":14},"2":{"loc":{"start":{"line":17,"column":12},"end":{"line":21,"column":13}},"type":"if","locations":[{"start":{"line":17,"column":12},"end":{"line":21,"column":13}},{"start":{},"end":{}}],"line":17},"3":{"loc":{"start":{"line":30,"column":12},"end":{"line":31,"column":94}},"type":"if","locations":[{"start":{"line":30,"column":12},"end":{"line":31,"column":94}},{"start":{},"end":{}}],"line":30},"4":{"loc":{"start":{"line":42,"column":8},"end":{"line":43,"column":108}},"type":"if","locations":[{"start":{"line":42,"column":8},"end":{"line":43,"column":108}},{"start":{},"end":{}}],"line":42},"5":{"loc":{"start":{"line":54,"column":8},"end":{"line":61,"column":9}},"type":"if","locations":[{"start":{"line":54,"column":8},"end":{"line":61,"column":9}},{"start":{},"end":{}}],"line":54},"6":{"loc":{"start":{"line":56,"column":16},"end":{"line":57,"column":92}},"type":"if","locations":[{"start":{"line":56,"column":16},"end":{"line":57,"column":92}},{"start":{},"end":{}}],"line":56},"7":{"loc":{"start":{"line":57,"column":54},"end":{"line":57,"column":88}},"type":"cond-expr","locations":[{"start":{"line":57,"column":66},"end":{"line":57,"column":83}},{"start":{"line":57,"column":86},"end":{"line":57,"column":88}}],"line":57},"8":{"loc":{"start":{"line":81,"column":16},"end":{"line":83,"column":85}},"type":"if","locations":[{"start":{"line":81,"column":16},"end":{"line":83,"column":85}},{"start":{},"end":{}}],"line":81},"9":{"loc":{"start":{"line":81,"column":20},"end":{"line":81,"column":36}},"type":"binary-expr","locations":[{"start":{"line":81,"column":20},"end":{"line":81,"column":27}},{"start":{"line":81,"column":31},"end":{"line":81,"column":36}}],"line":81},"10":{"loc":{"start":{"line":82,"column":50},"end":{"line":83,"column":83}},"type":"binary-expr","locations":[{"start":{"line":82,"column":50},"end":{"line":82,"column":57}},{"start":{"line":83,"column":24},"end":{"line":83,"column":83}}],"line":82},"11":{"loc":{"start":{"line":99,"column":8},"end":{"line":100,"column":108}},"type":"if","locations":[{"start":{"line":99,"column":8},"end":{"line":100,"column":108}},{"start":{},"end":{}}],"line":99},"12":{"loc":{"start":{"line":111,"column":8},"end":{"line":118,"column":9}},"type":"if","locations":[{"start":{"line":111,"column":8},"end":{"line":118,"column":9}},{"start":{},"end":{}}],"line":111},"13":{"loc":{"start":{"line":113,"column":16},"end":{"line":114,"column":92}},"type":"if","locations":[{"start":{"line":113,"column":16},"end":{"line":114,"column":92}},{"start":{},"end":{}}],"line":113},"14":{"loc":{"start":{"line":114,"column":54},"end":{"line":114,"column":88}},"type":"cond-expr","locations":[{"start":{"line":114,"column":66},"end":{"line":114,"column":83}},{"start":{"line":114,"column":86},"end":{"line":114,"column":88}}],"line":114},"15":{"loc":{"start":{"line":142,"column":8},"end":{"line":143,"column":69}},"type":"if","locations":[{"start":{"line":142,"column":8},"end":{"line":143,"column":69}},{"start":{},"end":{}}],"line":142},"16":{"loc":{"start":{"line":152,"column":24},"end":{"line":152,"column":38}},"type":"default-arg","locations":[{"start":{"line":152,"column":34},"end":{"line":152,"column":38}}],"line":152},"17":{"loc":{"start":{"line":155,"column":12},"end":{"line":156,"column":47}},"type":"if","locations":[{"start":{"line":155,"column":12},"end":{"line":156,"column":47}},{"start":{},"end":{}}],"line":155},"18":{"loc":{"start":{"line":157,"column":12},"end":{"line":158,"column":37}},"type":"if","locations":[{"start":{"line":157,"column":12},"end":{"line":158,"column":37}},{"start":{},"end":{}}],"line":157},"19":{"loc":{"start":{"line":170,"column":8},"end":{"line":171,"column":23}},"type":"if","locations":[{"start":{"line":170,"column":8},"end":{"line":171,"column":23}},{"start":{},"end":{}}],"line":170},"20":{"loc":{"start":{"line":173,"column":8},"end":{"line":186,"column":9}},"type":"if","locations":[{"start":{"line":173,"column":8},"end":{"line":186,"column":9}},{"start":{"line":180,"column":13},"end":{"line":186,"column":9}}],"line":173},"21":{"loc":{"start":{"line":175,"column":12},"end":{"line":176,"column":63}},"type":"if","locations":[{"start":{"line":175,"column":12},"end":{"line":176,"column":63}},{"start":{},"end":{}}],"line":175},"22":{"loc":{"start":{"line":177,"column":12},"end":{"line":178,"column":63}},"type":"if","locations":[{"start":{"line":177,"column":12},"end":{"line":178,"column":63}},{"start":{},"end":{}}],"line":177},"23":{"loc":{"start":{"line":180,"column":13},"end":{"line":186,"column":9}},"type":"if","locations":[{"start":{"line":180,"column":13},"end":{"line":186,"column":9}},{"start":{"line":184,"column":13},"end":{"line":186,"column":9}}],"line":180},"24":{"loc":{"start":{"line":182,"column":21},"end":{"line":182,"column":42}},"type":"binary-expr","locations":[{"start":{"line":182,"column":21},"end":{"line":182,"column":27}},{"start":{"line":182,"column":31},"end":{"line":182,"column":42}}],"line":182},"25":{"loc":{"start":{"line":187,"column":8},"end":{"line":202,"column":9}},"type":"switch","locations":[{"start":{"line":188,"column":12},"end":{"line":188,"column":23}},{"start":{"line":189,"column":12},"end":{"line":189,"column":23}},{"start":{"line":190,"column":12},"end":{"line":191,"column":65}},{"start":{"line":192,"column":12},"end":{"line":193,"column":65}},{"start":{"line":194,"column":12},"end":{"line":197,"column":62}},{"start":{"line":198,"column":12},"end":{"line":201,"column":62}}],"line":187},"26":{"loc":{"start":{"line":195,"column":16},"end":{"line":196,"column":61}},"type":"if","locations":[{"start":{"line":195,"column":16},"end":{"line":196,"column":61}},{"start":{},"end":{}}],"line":195},"27":{"loc":{"start":{"line":199,"column":16},"end":{"line":200,"column":59}},"type":"if","locations":[{"start":{"line":199,"column":16},"end":{"line":200,"column":59}},{"start":{},"end":{}}],"line":199}},"s":{"0":6,"1":6,"2":6,"3":6,"4":6,"5":6,"6":6,"7":10,"8":10,"9":10,"10":10,"11":10,"12":10,"13":0,"14":2,"15":2,"16":7,"17":7,"18":7,"19":0,"20":3,"21":3,"22":0,"23":3,"24":0,"25":3,"26":1,"27":1,"28":0,"29":1,"30":100,"31":0,"32":0,"33":0,"34":0,"35":0,"36":1,"37":100,"38":6,"39":6,"40":6,"41":3,"42":3,"43":0,"44":0,"45":0,"46":0,"47":0,"48":0,"49":0,"50":0,"51":0,"52":0,"53":1,"54":1,"55":0,"56":1,"57":0,"58":1,"59":0,"60":0,"61":0,"62":0,"63":0,"64":0,"65":0,"66":0,"67":0,"68":0,"69":0,"70":0,"71":1,"72":1,"73":1,"74":1,"75":0,"76":1,"77":0,"78":0,"79":0,"80":0,"81":0,"82":0,"83":0,"84":0,"85":0,"86":0,"87":0,"88":0,"89":0,"90":0,"91":7,"92":7,"93":7,"94":2,"95":7,"96":3,"97":4,"98":0,"99":0,"100":3,"101":0,"102":3,"103":3,"104":0,"105":0,"106":0,"107":0,"108":0,"109":3,"110":3,"111":3,"112":0,"113":3,"114":0,"115":3,"116":0,"117":0,"118":0,"119":0,"120":0,"121":0,"122":6},"f":{"0":6,"1":10,"2":2,"3":3,"4":1,"5":100,"6":0,"7":100,"8":6,"9":0,"10":0,"11":0,"12":0,"13":1,"14":0,"15":0,"16":0,"17":0,"18":1,"19":0,"20":0,"21":0,"22":0,"23":0,"24":0,"25":7,"26":0,"27":3},"b":{"0":[6],"1":[10,0],"2":[10,0],"3":[0,7],"4":[0,3],"5":[0,1],"6":[0,0],"7":[0,0],"8":[0,0],"9":[0,0],"10":[0,0],"11":[0,1],"12":[0,0],"13":[0,0],"14":[0,0],"15":[0,0],"16":[0],"17":[2,5],"18":[3,4],"19":[0,3],"20":[0,3],"21":[0,0],"22":[0,0],"23":[3,0],"24":[3,3],"25":[0,0,0,3,0,0],"26":[0,0],"27":[0,0]},"_coverageSchema":"1a1c01bbd47fc00a2c39e90264f33305004495a9","hash":"90f1d3ab1e344c780517eadbae25aee184b2047d"}
,"/mnt/workspace/workspace/decaf/decaf-ts/for-pouch/src/index.ts": {"path":"/mnt/workspace/workspace/decaf/decaf-ts/for-pouch/src/index.ts","statementMap":{"0":{"start":{"line":2,"column":22},"end":{"line":12,"column":3}},"1":{"start":{"line":3,"column":4},"end":{"line":3,"column":33}},"2":{"start":{"line":3,"column":26},"end":{"line":3,"column":33}},"3":{"start":{"line":4,"column":15},"end":{"line":4,"column":52}},"4":{"start":{"line":5,"column":4},"end":{"line":7,"column":5}},"5":{"start":{"line":6,"column":6},"end":{"line":6,"column":68}},"6":{"start":{"line":6,"column":51},"end":{"line":6,"column":63}},"7":{"start":{"line":8,"column":4},"end":{"line":8,"column":39}},"8":{"start":{"line":10,"column":4},"end":{"line":10,"column":33}},"9":{"start":{"line":10,"column":26},"end":{"line":10,"column":33}},"10":{"start":{"line":11,"column":4},"end":{"line":11,"column":17}},"11":{"start":{"line":13,"column":19},"end":{"line":15,"column":1}},"12":{"start":{"line":14,"column":4},"end":{"line":14,"column":126}},"13":{"start":{"line":14,"column":21},"end":{"line":14,"column":126}},"14":{"start":{"line":14,"column":95},"end":{"line":14,"column":126}},"15":{"start":{"line":16,"column":0},"end":{"line":16,"column":62}},"16":{"start":{"line":17,"column":0},"end":{"line":17,"column":25}},"17":{"start":{"line":18,"column":0},"end":{"line":18,"column":44}},"18":{"start":{"line":19,"column":0},"end":{"line":19,"column":52}},"19":{"start":{"line":31,"column":0},"end":{"line":31,"column":32}}},"fnMap":{"0":{"name":"(anonymous_0)","decl":{"start":{"line":2,"column":74},"end":{"line":2,"column":75}},"loc":{"start":{"line":2,"column":96},"end":{"line":9,"column":1}},"line":2},"1":{"name":"(anonymous_1)","decl":{"start":{"line":6,"column":38},"end":{"line":6,"column":39}},"loc":{"start":{"line":6,"column":49},"end":{"line":6,"column":65}},"line":6},"2":{"name":"(anonymous_2)","decl":{"start":{"line":9,"column":6},"end":{"line":9,"column":7}},"loc":{"start":{"line":9,"column":28},"end":{"line":12,"column":1}},"line":9},"3":{"name":"(anonymous_3)","decl":{"start":{"line":13,"column":50},"end":{"line":13,"column":51}},"loc":{"start":{"line":13,"column":71},"end":{"line":15,"column":1}},"line":13}},"branchMap":{"0":{"loc":{"start":{"line":2,"column":22},"end":{"line":12,"column":3}},"type":"binary-expr","locations":[{"start":{"line":2,"column":23},"end":{"line":2,"column":27}},{"start":{"line":2,"column":31},"end":{"line":2,"column":51}},{"start":{"line":2,"column":57},"end":{"line":12,"column":2}}],"line":2},"1":{"loc":{"start":{"line":2,"column":57},"end":{"line":12,"column":2}},"type":"cond-expr","locations":[{"start":{"line":2,"column":74},"end":{"line":9,"column":1}},{"start":{"line":9,"column":6},"end":{"line":12,"column":1}}],"line":2},"2":{"loc":{"start":{"line":3,"column":4},"end":{"line":3,"column":33}},"type":"if","locations":[{"start":{"line":3,"column":4},"end":{"line":3,"column":33}},{"start":{},"end":{}}],"line":3},"3":{"loc":{"start":{"line":5,"column":4},"end":{"line":7,"column":5}},"type":"if","locations":[{"start":{"line":5,"column":4},"end":{"line":7,"column":5}},{"start":{},"end":{}}],"line":5},"4":{"loc":{"start":{"line":5,"column":8},"end":{"line":5,"column":85}},"type":"binary-expr","locations":[{"start":{"line":5,"column":8},"end":{"line":5,"column":13}},{"start":{"line":5,"column":18},"end":{"line":5,"column":84}}],"line":5},"5":{"loc":{"start":{"line":5,"column":18},"end":{"line":5,"column":84}},"type":"cond-expr","locations":[{"start":{"line":5,"column":34},"end":{"line":5,"column":47}},{"start":{"line":5,"column":50},"end":{"line":5,"column":84}}],"line":5},"6":{"loc":{"start":{"line":5,"column":50},"end":{"line":5,"column":84}},"type":"binary-expr","locations":[{"start":{"line":5,"column":50},"end":{"line":5,"column":63}},{"start":{"line":5,"column":67},"end":{"line":5,"column":84}}],"line":5},"7":{"loc":{"start":{"line":10,"column":4},"end":{"line":10,"column":33}},"type":"if","locations":[{"start":{"line":10,"column":4},"end":{"line":10,"column":33}},{"start":{},"end":{}}],"line":10},"8":{"loc":{"start":{"line":13,"column":19},"end":{"line":15,"column":1}},"type":"binary-expr","locations":[{"start":{"line":13,"column":20},"end":{"line":13,"column":24}},{"start":{"line":13,"column":28},"end":{"line":13,"column":45}},{"start":{"line":13,"column":50},"end":{"line":15,"column":1}}],"line":13},"9":{"loc":{"start":{"line":14,"column":21},"end":{"line":14,"column":126}},"type":"if","locations":[{"start":{"line":14,"column":21},"end":{"line":14,"column":126}},{"start":{},"end":{}}],"line":14},"10":{"loc":{"start":{"line":14,"column":25},"end":{"line":14,"column":93}},"type":"binary-expr","locations":[{"start":{"line":14,"column":25},"end":{"line":14,"column":40}},{"start":{"line":14,"column":44},"end":{"line":14,"column":93}}],"line":14}},"s":{"0":6,"1":6,"2":6,"3":6,"4":6,"5":6,"6":6,"7":6,"8":0,"9":0,"10":0,"11":6,"12":12,"13":6,"14":6,"15":6,"16":6,"17":6,"18":6,"19":6},"f":{"0":6,"1":6,"2":0,"3":12},"b":{"0":[6,6,6],"1":[6,0],"2":[6,0],"3":[6,0],"4":[6,6],"5":[0,6],"6":[6,0],"7":[0,0],"8":[6,6,6],"9":[6,0],"10":[6,6]},"_coverageSchema":"1a1c01bbd47fc00a2c39e90264f33305004495a9","hash":"dcf038f51fb79c6e47d8ea408efcaa2d2d881f1f"}
}
