TN:
SF:src/PouchRepository.ts
FNF:0
FNH:0
DA:2,6
LF:1
LH:1
BRF:0
BRH:0
end_of_record
TN:
SF:src/adapter.ts
FN:9,(anonymous_0)
FN:12,(anonymous_1)
FN:25,(anonymous_2)
FN:34,(anonymous_3)
FN:46,(anonymous_4)
FN:54,(anonymous_5)
FN:55,(anonymous_6)
FN:62,(anonymous_7)
FN:64,(anonymous_8)
FN:75,(anonymous_9)
FN:77,(anonymous_10)
FN:79,(anonymous_11)
FN:80,(anonymous_12)
FN:91,(anonymous_13)
FN:103,(anonymous_14)
FN:111,(anonymous_15)
FN:112,(anonymous_16)
FN:119,(anonymous_17)
FN:121,(anonymous_18)
FN:133,(anonymous_19)
FN:135,(anonymous_20)
FN:137,(anonymous_21)
FN:141,(anonymous_22)
FN:144,(anonymous_23)
FN:145,(anonymous_24)
FN:152,(anonymous_25)
FN:165,(anonymous_26)
FN:168,(anonymous_27)
FNF:28
FNH:12
FNDA:6,(anonymous_0)
FNDA:10,(anonymous_1)
FNDA:2,(anonymous_2)
FNDA:3,(anonymous_3)
FNDA:1,(anonymous_4)
FNDA:100,(anonymous_5)
FNDA:0,(anonymous_6)
FNDA:100,(anonymous_7)
FNDA:6,(anonymous_8)
FNDA:0,(anonymous_9)
FNDA:0,(anonymous_10)
FNDA:0,(anonymous_11)
FNDA:0,(anonymous_12)
FNDA:1,(anonymous_13)
FNDA:0,(anonymous_14)
FNDA:0,(anonymous_15)
FNDA:0,(anonymous_16)
FNDA:0,(anonymous_17)
FNDA:1,(anonymous_18)
FNDA:0,(anonymous_19)
FNDA:0,(anonymous_20)
FNDA:0,(anonymous_21)
FNDA:0,(anonymous_22)
FNDA:0,(anonymous_23)
FNDA:0,(anonymous_24)
FNDA:7,(anonymous_25)
FNDA:0,(anonymous_26)
FNDA:3,(anonymous_27)
DA:2,6
DA:3,6
DA:4,6
DA:5,6
DA:6,6
DA:7,6
DA:10,6
DA:13,10
DA:14,10
DA:15,10
DA:16,10
DA:17,10
DA:18,10
DA:23,0
DA:26,2
DA:27,2
DA:28,7
DA:29,7
DA:30,7
DA:31,0
DA:36,3
DA:37,3
DA:40,0
DA:42,3
DA:43,0
DA:44,3
DA:48,1
DA:49,1
DA:52,0
DA:54,100
DA:55,0
DA:56,0
DA:57,0
DA:58,0
DA:60,0
DA:62,100
DA:65,6
DA:67,6
DA:68,6
DA:71,3
DA:73,3
DA:76,0
DA:77,0
DA:79,0
DA:80,0
DA:81,0
DA:82,0
DA:84,0
DA:85,0
DA:87,0
DA:89,0
DA:93,1
DA:94,1
DA:97,0
DA:99,1
DA:100,0
DA:101,1
DA:105,0
DA:106,0
DA:109,0
DA:111,0
DA:112,0
DA:113,0
DA:114,0
DA:115,0
DA:117,0
DA:119,0
DA:122,1
DA:124,1
DA:125,1
DA:126,1
DA:129,0
DA:131,1
DA:134,0
DA:135,0
DA:137,0
DA:138,0
DA:139,0
DA:141,0
DA:142,0
DA:143,0
DA:144,0
DA:145,0
DA:146,0
DA:147,0
DA:149,0
DA:153,7
DA:154,7
DA:155,7
DA:156,2
DA:157,7
DA:158,3
DA:159,4
DA:162,0
DA:166,0
DA:170,3
DA:171,0
DA:172,3
DA:173,3
DA:174,0
DA:175,0
DA:176,0
DA:177,0
DA:178,0
DA:180,3
DA:181,3
DA:182,3
DA:185,0
DA:187,3
DA:191,0
DA:193,3
DA:195,0
DA:196,0
DA:197,0
DA:199,0
DA:200,0
DA:201,0
DA:205,6
LF:118
LH:56
BRDA:9,0,0,6
BRDA:14,1,0,10
BRDA:14,1,1,0
BRDA:17,2,0,10
BRDA:17,2,1,0
BRDA:30,3,0,0
BRDA:30,3,1,7
BRDA:42,4,0,0
BRDA:42,4,1,3
BRDA:54,5,0,0
BRDA:54,5,1,1
BRDA:56,6,0,0
BRDA:56,6,1,0
BRDA:57,7,0,0
BRDA:57,7,1,0
BRDA:81,8,0,0
BRDA:81,8,1,0
BRDA:81,9,0,0
BRDA:81,9,1,0
BRDA:82,10,0,0
BRDA:82,10,1,0
BRDA:99,11,0,0
BRDA:99,11,1,1
BRDA:111,12,0,0
BRDA:111,12,1,0
BRDA:113,13,0,0
BRDA:113,13,1,0
BRDA:114,14,0,0
BRDA:114,14,1,0
BRDA:142,15,0,0
BRDA:142,15,1,0
BRDA:152,16,0,0
BRDA:155,17,0,2
BRDA:155,17,1,5
BRDA:157,18,0,3
BRDA:157,18,1,4
BRDA:170,19,0,0
BRDA:170,19,1,3
BRDA:173,20,0,0
BRDA:173,20,1,3
BRDA:175,21,0,0
BRDA:175,21,1,0
BRDA:177,22,0,0
BRDA:177,22,1,0
BRDA:180,23,0,3
BRDA:180,23,1,0
BRDA:182,24,0,3
BRDA:182,24,1,3
BRDA:187,25,0,0
BRDA:187,25,1,0
BRDA:187,25,2,0
BRDA:187,25,3,3
BRDA:187,25,4,0
BRDA:187,25,5,0
BRDA:195,26,0,0
BRDA:195,26,1,0
BRDA:199,27,0,0
BRDA:199,27,1,0
BRF:58
BRH:17
end_of_record
TN:
SF:src/index.ts
FN:2,(anonymous_0)
FN:6,(anonymous_1)
FN:9,(anonymous_2)
FN:13,(anonymous_3)
FNF:4
FNH:3
FNDA:6,(anonymous_0)
FNDA:6,(anonymous_1)
FNDA:0,(anonymous_2)
FNDA:12,(anonymous_3)
DA:2,6
DA:3,6
DA:4,6
DA:5,6
DA:6,6
DA:8,6
DA:10,0
DA:11,0
DA:13,6
DA:14,12
DA:16,6
DA:17,6
DA:18,6
DA:19,6
DA:31,6
LF:15
LH:13
BRDA:2,0,0,6
BRDA:2,0,1,6
BRDA:2,0,2,6
BRDA:2,1,0,6
BRDA:2,1,1,0
BRDA:3,2,0,6
BRDA:3,2,1,0
BRDA:5,3,0,6
BRDA:5,3,1,0
BRDA:5,4,0,6
BRDA:5,4,1,6
BRDA:5,5,0,0
BRDA:5,5,1,6
BRDA:5,6,0,6
BRDA:5,6,1,0
BRDA:10,7,0,0
BRDA:10,7,1,0
BRDA:13,8,0,6
BRDA:13,8,1,6
BRDA:13,8,2,6
BRDA:14,9,0,6
BRDA:14,9,1,0
BRDA:14,10,0,6
BRDA:14,10,1,6
BRF:24
BRH:16
end_of_record
